start: q0
accept: ac
reject: rj
blank: _
q0 0 -> q0 0 <
q0 1 -> q0 1 <
q0 2 -> q0 2 <
q0 _ -> q10 + <

q10 _ -> q1 0 ^

q1 0 -> q1 0 >
q1 1 -> q1 1 >
q1 2 -> q1 2 >
q1 + -> q1 + >
q1 _ -> q2 _ <

q2 0 -> q2 2 <
q2 1 -> q3 0 <
q2 2 -> q3 1 <
q2 + -> q6 _ >

q3 0 -> q3 0 <
q3 1 -> q3 1 <
q3 2 -> q3 2 <
q3 + -> q4 + <

q4 0 -> q5 1 >
q4 1 -> q4 0 <
q4 _ -> q5 1 ^

q5 0 -> q5 0 >
q5 1 -> q5 1 >
q5 2 -> q5 2 >
q5 + -> q5 + >
q5 _ -> q2 _ <

q6 0 -> q6 _ >
q6 1 -> q6 _ >
q6 2 -> q6 _ >
q6 _ -> q7 _ ^
q7 0 -> q8 0 ^
q7 1 -> q8 1 ^
q7 _ -> q7 _ <
q8 0 -> q8 0 <
q8 1 -> q8 1 <
q8 _ -> ac _ >

